<?xml version="1.0" encoding="UTF-8"?>
<testsuite xmlns:xsi="http://www.w3.org/2001/XMLSchema-instance" xsi:noNamespaceSchemaLocation="https://maven.apache.org/surefire/maven-surefire-plugin/xsd/surefire-test-report.xsd" name="FilesTest" time="0.455" tests="12" errors="0" skipped="0" failures="0">
  <properties>
[...]
</properties>
  <testcase name="testInfoFileIsAFile" classname="FilesTest" time="0.069"/>
  <testcase name="testReadFileNull" classname="FilesTest" time="0.031"/>
  <testcase name="testCreateFileFileIsCreated" classname="FilesTest" time="0"/>
  <testcase name="testInfoFileNull" classname="FilesTest" time="0"/>
  <testcase name="testExistsDoesExist" classname="FilesTest" time="0"/>
  <testcase name="testCreateFileCreatedTextIsCorrect" classname="FilesTest" time="0.006"/>
  <testcase name="testInfoFileIsNotAFile" classname="FilesTest" time="0"/>
  <testcase name="testReadFile" classname="FilesTest" time="0"/>
  <testcase name="testInfoDateFileReturn" classname="FilesTest" time="0.032"/>
  <testcase name="testExistsDoesNotExist" classname="FilesTest" time="0"/>
  <testcase name="testInfoDateSwapIsCorrect" classname="FilesTest" time="0.031"/>
  <testcase name="testInfoDateNotNull" classname="FilesTest" time="0.031"/>
</testsuite>