<?xml version="1.0" encoding="UTF-8" ?>
<testsuite tests="7" failures="0" name="FilesTest" time="0.39" errors="0" skipped="0">
  <properties>
[...]
</properties>
  <testcase classname="FilesTest" name="test_readFile" time="0.324"/>
  <testcase classname="FilesTest" name="test_info_fileIsAFile" time="0.048"/>
  <testcase classname="FilesTest" name="test_exists_doesNotExist" time="0.003"/>
  <testcase classname="FilesTest" name="test_createFile_createdTextIsCorrect" time="0.006"/>
  <testcase classname="FilesTest" name="test_exists_doesExist" time="0.003"/>
  <testcase classname="FilesTest" name="test_info_fileIsNotAFile" time="0.002"/>
  <testcase classname="FilesTest" name="test_createFile_FileIsCreated" time="0.004"/>
</testsuite>